This is pdfTeX, Version 3.14159265-2.6-1.40.18 (TeX Live 2017/Debian) (preloaded format=pdflatex 2018.10.13)  23 JAN 2019 11:01
entering extended mode
 restricted \write18 enabled.
 %&-line parsing enabled.
**Hierarchical_forecasting.tex
(./Hierarchical_forecasting.tex
LaTeX2e <2017-04-15>
Babel <3.18> and hyphenation patterns for 84 language(s) loaded.
(./svmult.cls
Document Class: svmult 2007/06/25 v5.4 
Springer Verlag global LaTeX document class for multi authored books
Class Springer-SVMult Info: extra/valid Springer sub-package 
(Springer-SVMult)           not found in option list - using "global" style.
(/usr/share/texlive/texmf-dist/tex/latex/base/article.cls
Document Class: article 2014/09/29 v1.4h Standard LaTeX document class
(/usr/share/texlive/texmf-dist/tex/latex/base/size10.clo
File: size10.clo 2014/09/29 v1.4h Standard LaTeX file (size option)
)
\c@part=\count79
\c@section=\count80
\c@subsection=\count81
\c@subsubsection=\count82
\c@paragraph=\count83
\c@subparagraph=\count84
\c@figure=\count85
\c@table=\count86
\abovecaptionskip=\skip41
\belowcaptionskip=\skip42
\bibindent=\dimen102
)
\svparindent=\dimen103
\bibindent=\dimen104
\betweenumberspace=\dimen105
\headlineindent=\dimen106
\minitoc=\write3
\c@minitocdepth=\count87
\c@chapter=\count88
\mottowidth=\dimen107
\svitemindent=\dimen108
\verbatimindent=\dimen109
LaTeX Font Info:    Redeclaring math symbol \Gamma on input line 963.
LaTeX Font Info:    Redeclaring math symbol \Delta on input line 964.
LaTeX Font Info:    Redeclaring math symbol \Theta on input line 965.
LaTeX Font Info:    Redeclaring math symbol \Lambda on input line 966.
LaTeX Font Info:    Redeclaring math symbol \Xi on input line 967.
LaTeX Font Info:    Redeclaring math symbol \Pi on input line 968.
LaTeX Font Info:    Redeclaring math symbol \Sigma on input line 969.
LaTeX Font Info:    Redeclaring math symbol \Upsilon on input line 970.
LaTeX Font Info:    Redeclaring math symbol \Phi on input line 971.
LaTeX Font Info:    Redeclaring math symbol \Psi on input line 972.
LaTeX Font Info:    Redeclaring math symbol \Omega on input line 973.
\tocchpnum=\dimen110
\tocsecnum=\dimen111
\tocsectotal=\dimen112
\tocsubsecnum=\dimen113
\tocsubsectotal=\dimen114
\tocsubsubsecnum=\dimen115
\tocsubsubsectotal=\dimen116
\tocparanum=\dimen117
\tocparatotal=\dimen118
\tocsubparanum=\dimen119
\foot@parindent=\dimen120
\spthmsep=\dimen121
\c@theorem=\count89
\c@case=\count90
\c@conjecture=\count91
\c@corollary=\count92
\c@definition=\count93
\c@example=\count94
\c@exercise=\count95
\c@lemma=\count96
\c@note=\count97
\c@problem=\count98
\c@property=\count99
\c@proposition=\count100
\c@question=\count101
\c@solution=\count102
\c@remark=\count103
\c@prob=\count104
\instindent=\dimen122
\figgap=\dimen123
\bildb@x=\box26
\figcapgap=\dimen124
\tabcapgap=\dimen125
\c@merk=\count105
\c@@inst=\count106
\c@@auth=\count107
\c@auco=\count108
\instindent=\dimen126
\authrun=\box27
\authorrunning=\toks14
\tocauthor=\toks15
\titrun=\box28
\titlerunning=\toks16
\toctitle=\toks17
\c@contribution=\count109
LaTeX Info: Redefining \abstract on input line 2320.
)
(/usr/share/texlive/texmf-dist/tex/latex/graphics/color.sty
Package: color 2016/07/10 v1.1e Standard LaTeX Color (DPC)

(/usr/share/texlive/texmf-dist/tex/latex/graphics-cfg/color.cfg
File: color.cfg 2016/01/02 v1.6 sample color configuration
)
Package color Info: Driver file: pdftex.def on input line 147.

(/usr/share/texlive/texmf-dist/tex/latex/graphics-def/pdftex.def
File: pdftex.def 2018/01/08 v1.0l Graphics/color driver for pdftex
))
(/usr/share/texlive/texmf-dist/tex/latex/framed/framed.sty
Package: framed 2011/10/22 v 0.96: framed or shaded text with page breaks
\OuterFrameSep=\skip43
\fb@frw=\dimen127
\fb@frh=\dimen128
\FrameRule=\dimen129
\FrameSep=\dimen130
)
(/usr/share/texlive/texmf-dist/tex/latex/psnfss/mathptmx.sty
Package: mathptmx 2005/04/12 PSNFSS-v9.2a Times w/ Math, improved (SPQR, WaS) 
LaTeX Font Info:    Redeclaring symbol font `operators' on input line 28.
LaTeX Font Info:    Overwriting symbol font `operators' in version `normal'
(Font)                  OT1/cmr/m/n --> OT1/ztmcm/m/n on input line 28.
LaTeX Font Info:    Overwriting symbol font `operators' in version `bold'
(Font)                  OT1/cmr/bx/n --> OT1/ztmcm/m/n on input line 28.
LaTeX Font Info:    Redeclaring symbol font `letters' on input line 29.
LaTeX Font Info:    Overwriting symbol font `letters' in version `normal'
(Font)                  OML/cmm/m/it --> OML/ztmcm/m/it on input line 29.
LaTeX Font Info:    Overwriting symbol font `letters' in version `bold'
(Font)                  OML/cmm/b/it --> OML/ztmcm/m/it on input line 29.
LaTeX Font Info:    Redeclaring symbol font `symbols' on input line 30.
LaTeX Font Info:    Overwriting symbol font `symbols' in version `normal'
(Font)                  OMS/cmsy/m/n --> OMS/ztmcm/m/n on input line 30.
LaTeX Font Info:    Overwriting symbol font `symbols' in version `bold'
(Font)                  OMS/cmsy/b/n --> OMS/ztmcm/m/n on input line 30.
LaTeX Font Info:    Redeclaring symbol font `largesymbols' on input line 31.
LaTeX Font Info:    Overwriting symbol font `largesymbols' in version `normal'
(Font)                  OMX/cmex/m/n --> OMX/ztmcm/m/n on input line 31.
LaTeX Font Info:    Overwriting symbol font `largesymbols' in version `bold'
(Font)                  OMX/cmex/m/n --> OMX/ztmcm/m/n on input line 31.
\symbold=\mathgroup4
\symitalic=\mathgroup5
LaTeX Font Info:    Redeclaring math alphabet \mathbf on input line 34.
LaTeX Font Info:    Overwriting math alphabet `\mathbf' in version `normal'
(Font)                  OT1/cmr/bx/n --> OT1/ptm/bx/n on input line 34.
LaTeX Font Info:    Overwriting math alphabet `\mathbf' in version `bold'
(Font)                  OT1/cmr/bx/n --> OT1/ptm/bx/n on input line 34.
LaTeX Font Info:    Redeclaring math alphabet \mathit on input line 35.
LaTeX Font Info:    Overwriting math alphabet `\mathit' in version `normal'
(Font)                  OT1/cmr/m/it --> OT1/ptm/m/it on input line 35.
LaTeX Font Info:    Overwriting math alphabet `\mathit' in version `bold'
(Font)                  OT1/cmr/bx/it --> OT1/ptm/m/it on input line 35.
LaTeX Info: Redefining \hbar on input line 50.
)
(/usr/share/texlive/texmf-dist/tex/latex/psnfss/helvet.sty
Package: helvet 2005/04/12 PSNFSS-v9.2a (WaS) 

(/usr/share/texlive/texmf-dist/tex/latex/graphics/keyval.sty
Package: keyval 2014/10/28 v1.15 key=value parser (DPC)
\KV@toks@=\toks18
))
(/usr/share/texlive/texmf-dist/tex/latex/psnfss/courier.sty
Package: courier 2005/04/12 PSNFSS-v9.2a (WaS) 
)
(/usr/share/texlive/texmf-dist/tex/latex/type1cm/type1cm.sty
Package: type1cm 2002/09/05 v0.04 BlueSky/Y&Y Type1 CM font definitions (DPC, p
atched RF)
)
(/usr/share/texlive/texmf-dist/tex/latex/base/makeidx.sty
Package: makeidx 2014/09/29 v1.0m Standard LaTeX package
)
(/usr/share/texlive/texmf-dist/tex/latex/graphics/graphicx.sty
Package: graphicx 2017/06/01 v1.1a Enhanced LaTeX Graphics (DPC,SPQR)

(/usr/share/texlive/texmf-dist/tex/latex/graphics/graphics.sty
Package: graphics 2017/06/25 v1.2c Standard LaTeX Graphics (DPC,SPQR)

(/usr/share/texlive/texmf-dist/tex/latex/graphics/trig.sty
Package: trig 2016/01/03 v1.10 sin cos tan (DPC)
)
(/usr/share/texlive/texmf-dist/tex/latex/graphics-cfg/graphics.cfg
File: graphics.cfg 2016/06/04 v1.11 sample graphics configuration
)
Package graphics Info: Driver file: pdftex.def on input line 99.
)
\Gin@req@height=\dimen131
\Gin@req@width=\dimen132
)
(/usr/share/texlive/texmf-dist/tex/latex/tools/multicol.sty
Package: multicol 2017/04/11 v1.8q multicolumn formatting (FMi)
\c@tracingmulticols=\count110
\mult@box=\box29
\multicol@leftmargin=\dimen133
\c@unbalance=\count111
\c@collectmore=\count112
\doublecol@number=\count113
\multicoltolerance=\count114
\multicolpretolerance=\count115
\full@width=\dimen134
\page@free=\dimen135
\premulticols=\dimen136
\postmulticols=\dimen137
\multicolsep=\skip44
\multicolbaselineskip=\skip45
\partial@page=\box30
\last@line=\box31
\maxbalancingoverflow=\dimen138
\mult@rightbox=\box32
\mult@grightbox=\box33
\mult@gfirstbox=\box34
\mult@firstbox=\box35
\@tempa=\box36
\@tempa=\box37
\@tempa=\box38
\@tempa=\box39
\@tempa=\box40
\@tempa=\box41
\@tempa=\box42
\@tempa=\box43
\@tempa=\box44
\@tempa=\box45
\@tempa=\box46
\@tempa=\box47
\@tempa=\box48
\@tempa=\box49
\@tempa=\box50
\@tempa=\box51
\@tempa=\box52
\c@columnbadness=\count116
\c@finalcolumnbadness=\count117
\last@try=\dimen139
\multicolovershoot=\dimen140
\multicolundershoot=\dimen141
\mult@nat@firstbox=\box53
\colbreak@box=\box54
\mc@col@check@num=\count118
)
(/usr/share/texlive/texmf-dist/tex/latex/footmisc/footmisc.sty
Package: footmisc 2011/06/06 v5.5b a miscellany of footnote facilities
\FN@temptoken=\toks19
\footnotemargin=\dimen142
\c@pp@next@reset=\count119
Package footmisc Info: Declaring symbol style bringhurst on input line 855.
Package footmisc Info: Declaring symbol style chicago on input line 863.
Package footmisc Info: Declaring symbol style wiley on input line 872.
Package footmisc Info: Declaring symbol style lamport-robust on input line 883.

Package footmisc Info: Declaring symbol style lamport* on input line 903.
Package footmisc Info: Declaring symbol style lamport*-robust on input line 924
.
)
(/usr/share/texlive/texmf-dist/tex/latex/qtree/qtree.sty
Package: 2008/12/12 v.3.1bQtree: tree-drawing for linguistics
Package: qtree 2008/12/12 v.3.1bQtree: tree-drawing for linguistics
(/usr/share/texlive/texmf-dist/tex/latex/pict2e/pict2e.sty
Package: pict2e 2016/02/05 v0.3b Improved picture commands (HjG,RN,JT)

(/usr/share/texlive/texmf-dist/tex/latex/pict2e/pict2e.cfg
File: pict2e.cfg 2016/02/05 v0.1u pict2e configuration for teTeX/TeXLive
)
Package pict2e Info: Driver file: pdftex.def on input line 119.
Package pict2e Info: Driver file for pict2e: p2e-pdftex.def on input line 121.

(/usr/share/texlive/texmf-dist/tex/latex/pict2e/p2e-pdftex.def
File: p2e-pdftex.def 2016/02/05 v0.1u Driver-dependant file (RN,HjG,JT)
)
\pIIe@GRAPH=\toks20
\@arclen=\dimen143
\@arcrad=\dimen144
\@tempdimd=\dimen145
)
\c@treecount=\count120
\c@branchcount=\count121
\parentbox=\box55
\treebox=\box56
\treeboxone=\box57
\treeboxtwo=\box58
\treeboxthree=\box59
\treeboxfour=\box60
\treeboxfive=\box61
\treeboxsix=\box62
\treeboxseven=\box63
\treeboxeight=\box64
\treeboxnine=\box65
\treeboxten=\box66
\treeboxeleven=\box67
\treeboxtwelve=\box68
\treeboxthirteen=\box69
\treeboxfourteen=\box70
\treeboxfifteen=\box71
\treeboxsixteen=\box72
\treeboxseventeen=\box73
\treeboxeighteen=\box74
\treeboxnineteen=\box75
\treeboxtwenty=\box76
\treeoffsetone=\skip46
\treeoffsettwo=\skip47
\treeoffsetthree=\skip48
\treeoffsetfour=\skip49
\treeoffsetfive=\skip50
\treeoffsetsix=\skip51
\treeoffsetseven=\skip52
\treeoffseteight=\skip53
\treeoffsetnine=\skip54
\treeoffsetten=\skip55
\treeoffseteleven=\skip56
\treeoffsettwelve=\skip57
\treeoffsetthirteen=\skip58
\treeoffsetfourteen=\skip59
\treeoffsetfifteen=\skip60
\treeoffsetsixteen=\skip61
\treeoffsetseventeen=\skip62
\treeoffseteighteen=\skip63
\treeoffsetnineteen=\skip64
\treeoffsettwenty=\skip65
\treeshiftone=\skip66
\treeshifttwo=\skip67
\treeshiftthree=\skip68
\treeshiftfour=\skip69
\treeshiftfive=\skip70
\treeshiftsix=\skip71
\treeshiftseven=\skip72
\treeshifteight=\skip73
\treeshiftnine=\skip74
\treeshiftten=\skip75
\treeshifteleven=\skip76
\treeshifttwelve=\skip77
\treeshiftthirteen=\skip78
\treeshiftfourteen=\skip79
\treeshiftfifteen=\skip80
\treeshiftsixteen=\skip81
\treeshiftseventeen=\skip82
\treeshifteighteen=\skip83
\treeshiftnineteen=\skip84
\treeshifttwenty=\skip85
\treewidthone=\skip86
\treewidthtwo=\skip87
\treewidththree=\skip88
\treewidthfour=\skip89
\treewidthfive=\skip90
\treewidthsix=\skip91
\treewidthseven=\skip92
\treewidtheight=\skip93
\treewidthnine=\skip94
\treewidthten=\skip95
\treewidtheleven=\skip96
\treewidthtwelve=\skip97
\treewidththirteen=\skip98
\treewidthfourteen=\skip99
\treewidthfifteen=\skip100
\treewidthsixteen=\skip101
\treewidthseventeen=\skip102
\treewidtheighteen=\skip103
\treewidthnineteen=\skip104
\treewidthtwenty=\skip105
\daughteroffsetone=\skip106
\daughteroffsettwo=\skip107
\daughteroffsetthree=\skip108
\daughteroffsetfour=\skip109
\branchwidthone=\skip110
\branchwidthtwo=\skip111
\branchwidththree=\skip112
\branchwidthfour=\skip113
\parentoffset=\skip114
\treeoffset=\skip115
\daughteroffset=\skip116
\branchwidth=\skip117
\parentwidth=\skip118
\treewidth=\skip119
\qta=\toks21
\qtb=\toks22
\nbranches=\count122
\qroofx=\count123
\qroofy=\count124
\@qrscratchbox=\box77
)
(/usr/share/texlive/texmf-dist/tex/latex/tools/bm.sty
Package: bm 2017/01/16 v1.2c Bold Symbol Support (DPC/FMi)
LaTeX Info: Redefining \bm on input line 207.
)
(/usr/share/texlive/texmf-dist/tex/latex/amsmath/amsmath.sty
Package: amsmath 2017/09/02 v2.17a AMS math features
\@mathmargin=\skip120

For additional information on amsmath, use the `?' option.
(/usr/share/texlive/texmf-dist/tex/latex/amsmath/amstext.sty
Package: amstext 2000/06/29 v2.01 AMS text

(/usr/share/texlive/texmf-dist/tex/latex/amsmath/amsgen.sty
File: amsgen.sty 1999/11/30 v2.0 generic functions
\@emptytoks=\toks23
\ex@=\dimen146
))
(/usr/share/texlive/texmf-dist/tex/latex/amsmath/amsbsy.sty
Package: amsbsy 1999/11/29 v1.2d Bold Symbols
LaTeX Info: Redefining \boldsymbol on input line 28.
\pmbraise@=\dimen147
)
(/usr/share/texlive/texmf-dist/tex/latex/amsmath/amsopn.sty
Package: amsopn 2016/03/08 v2.02 operator names
)
\inf@bad=\count125
LaTeX Info: Redefining \frac on input line 213.
\uproot@=\count126
\leftroot@=\count127
LaTeX Info: Redefining \overline on input line 375.
\classnum@=\count128
\DOTSCASE@=\count129
LaTeX Info: Redefining \ldots on input line 472.
LaTeX Info: Redefining \dots on input line 475.
LaTeX Info: Redefining \cdots on input line 596.
\Mathstrutbox@=\box78
\strutbox@=\box79
\big@size=\dimen148
LaTeX Font Info:    Redeclaring font encoding OML on input line 712.
LaTeX Font Info:    Redeclaring font encoding OMS on input line 713.


Package amsmath Warning: Unable to redefine math accent \vec.

\macc@depth=\count130
\c@MaxMatrixCols=\count131
\dotsspace@=\muskip10
\c@parentequation=\count132
\dspbrk@lvl=\count133
\tag@help=\toks24
\row@=\count134
\column@=\count135
\maxfields@=\count136
\andhelp@=\toks25
\eqnshift@=\dimen149
\alignsep@=\dimen150
\tagshift@=\dimen151
\tagwidth@=\dimen152
\totwidth@=\dimen153
\lineht@=\dimen154
\@envbody=\toks26
\multlinegap=\skip121
\multlinetaggap=\skip122
\mathdisplay@stack=\toks27
LaTeX Info: Redefining \[ on input line 2817.
LaTeX Info: Redefining \] on input line 2818.
) (/usr/share/texlive/texmf-dist/tex/latex/amsfonts/amssymb.sty
Package: amssymb 2013/01/14 v3.01 AMS font symbols

(/usr/share/texlive/texmf-dist/tex/latex/amsfonts/amsfonts.sty
Package: amsfonts 2013/01/14 v3.01 Basic AMSFonts support
\symAMSa=\mathgroup6
\symAMSb=\mathgroup7
LaTeX Font Info:    Overwriting math alphabet `\mathfrak' in version `bold'
(Font)                  U/euf/m/n --> U/euf/b/n on input line 106.
))
(/usr/share/texlive/texmf-dist/tex/latex/multirow/multirow.sty
Package: multirow 2016/11/25 v2.2 Span multiple rows of a table
\multirow@colwidth=\skip123
\multirow@cntb=\count137
\multirow@dima=\skip124
\bigstrutjot=\dimen155
)
(/usr/share/texlive/texmf-dist/tex/latex/amsrefs/textcmds.sty
Package: textcmds 2012/08/02 v2.00
)
(/usr/share/texlive/texmf-dist/tex/latex/siunitx/siunitx.sty
(/usr/share/texlive/texmf-dist/tex/latex/l3kernel/expl3.sty
Package: expl3 2018/02/21 L3 programming layer (loader) 

(/usr/share/texlive/texmf-dist/tex/latex/l3kernel/expl3-code.tex
Package: expl3 2018/02/21 L3 programming layer (code)
\c_max_int=\count138
\l_tmpa_int=\count139
\l_tmpb_int=\count140
\g_tmpa_int=\count141
\g_tmpb_int=\count142
\g__intarray_font_int=\count143
\g__prg_map_int=\count144
\c_log_iow=\count145
\l_iow_line_count_int=\count146
\l__iow_line_target_int=\count147
\l__iow_one_indent_int=\count148
\l__iow_indent_int=\count149
\c_zero_dim=\dimen156
\c_max_dim=\dimen157
\l_tmpa_dim=\dimen158
\l_tmpb_dim=\dimen159
\g_tmpa_dim=\dimen160
\g_tmpb_dim=\dimen161
\c_zero_skip=\skip125
\c_max_skip=\skip126
\l_tmpa_skip=\skip127
\l_tmpb_skip=\skip128
\g_tmpa_skip=\skip129
\g_tmpb_skip=\skip130
\c_zero_muskip=\muskip11
\c_max_muskip=\muskip12
\l_tmpa_muskip=\muskip13
\l_tmpb_muskip=\muskip14
\g_tmpa_muskip=\muskip15
\g_tmpb_muskip=\muskip16
\l_keys_choice_int=\count150
\c__fp_leading_shift_int=\count151
\c__fp_middle_shift_int=\count152
\c__fp_trailing_shift_int=\count153
\c__fp_big_leading_shift_int=\count154
\c__fp_big_middle_shift_int=\count155
\c__fp_big_trailing_shift_int=\count156
\c__fp_Bigg_leading_shift_int=\count157
\c__fp_Bigg_middle_shift_int=\count158
\c__fp_Bigg_trailing_shift_int=\count159
\c__fp_rand_size_int=\count160
\c__fp_rand_four_int=\count161
\c__fp_rand_eight_int=\count162
\l__sort_length_int=\count163
\l__sort_min_int=\count164
\l__sort_top_int=\count165
\l__sort_max_int=\count166
\l__sort_true_max_int=\count167
\l__sort_block_int=\count168
\l__sort_begin_int=\count169
\l__sort_end_int=\count170
\l__sort_A_int=\count171
\l__sort_B_int=\count172
\l__sort_C_int=\count173
\l__tl_build_start_index_int=\count174
\l__tl_build_index_int=\count175
\l__tl_analysis_normal_int=\count176
\l__tl_analysis_index_int=\count177
\l__tl_analysis_nesting_int=\count178
\l__tl_analysis_type_int=\count179
\l__regex_internal_a_int=\count180
\l__regex_internal_b_int=\count181
\l__regex_internal_c_int=\count182
\l__regex_balance_int=\count183
\l__regex_group_level_int=\count184
\l__regex_mode_int=\count185
\c__regex_cs_in_class_mode_int=\count186
\c__regex_cs_mode_int=\count187
\l__regex_catcodes_int=\count188
\l__regex_default_catcodes_int=\count189
\c__regex_catcode_D_int=\count190
\c__regex_catcode_S_int=\count191
\c__regex_catcode_L_int=\count192
\c__regex_catcode_O_int=\count193
\c__regex_catcode_A_int=\count194
\c__regex_all_catcodes_int=\count195
\l__regex_show_lines_int=\count196
\l__regex_min_state_int=\count197
\l__regex_max_state_int=\count198
\l__regex_left_state_int=\count199
\l__regex_right_state_int=\count266
\l__regex_capturing_group_int=\count267
\l__regex_min_pos_int=\count268
\l__regex_max_pos_int=\count269
\l__regex_curr_pos_int=\count270
\l__regex_start_pos_int=\count271
\l__regex_success_pos_int=\count272
\l__regex_curr_char_int=\count273
\l__regex_curr_catcode_int=\count274
\l__regex_last_char_int=\count275
\l__regex_case_changed_char_int=\count276
\l__regex_curr_state_int=\count277
\l__regex_step_int=\count278
\l__regex_min_active_int=\count279
\l__regex_max_active_int=\count280
\l__regex_replacement_csnames_int=\count281
\l__regex_match_count_int=\count282
\l__regex_min_submatch_int=\count283
\l__regex_submatch_int=\count284
\l__regex_zeroth_submatch_int=\count285
\g__regex_trace_regex_int=\count286
\c_empty_box=\box80
\l_tmpa_box=\box81
\l_tmpb_box=\box82
\g_tmpa_box=\box83
\g_tmpb_box=\box84
\l__box_top_dim=\dimen162
\l__box_bottom_dim=\dimen163
\l__box_left_dim=\dimen164
\l__box_right_dim=\dimen165
\l__box_top_new_dim=\dimen166
\l__box_bottom_new_dim=\dimen167
\l__box_left_new_dim=\dimen168
\l__box_right_new_dim=\dimen169
\l__box_internal_box=\box85
\l__coffin_internal_box=\box86
\l__coffin_internal_dim=\dimen170
\l__coffin_offset_x_dim=\dimen171
\l__coffin_offset_y_dim=\dimen172
\l__coffin_x_dim=\dimen173
\l__coffin_y_dim=\dimen174
\l__coffin_x_prime_dim=\dimen175
\l__coffin_y_prime_dim=\dimen176
\c_empty_coffin=\box87
\l__coffin_aligned_coffin=\box88
\l__coffin_aligned_internal_coffin=\box89
\l_tmpa_coffin=\box90
\l_tmpb_coffin=\box91
\l__coffin_display_coffin=\box92
\l__coffin_display_coord_coffin=\box93
\l__coffin_display_pole_coffin=\box94
\l__coffin_display_offset_dim=\dimen177
\l__coffin_display_x_dim=\dimen178
\l__coffin_display_y_dim=\dimen179
\l__coffin_bounding_shift_dim=\dimen180
\l__coffin_left_corner_dim=\dimen181
\l__coffin_right_corner_dim=\dimen182
\l__coffin_bottom_corner_dim=\dimen183
\l__coffin_top_corner_dim=\dimen184
\l__coffin_scaled_total_height_dim=\dimen185
\l__coffin_scaled_width_dim=\dimen186
)
(/usr/share/texlive/texmf-dist/tex/latex/l3kernel/l3pdfmode.def
File: l3pdfmode.def 2017/03/18 v L3 Experimental driver: PDF mode
\l__driver_color_stack_int=\count287
\l__driver_tmp_box=\box95
))
(/usr/share/texlive/texmf-dist/tex/latex/l3packages/xparse/xparse.sty
Package: xparse 2018/02/21 L3 Experimental document command parser
\l__xparse_current_arg_int=\count288
\g__xparse_grabber_int=\count289
\l__xparse_m_args_int=\count290
\l__xparse_mandatory_args_int=\count291
\l__xparse_v_nesting_int=\count292
)
Package: siunitx 2017/11/26 v2.7k A comprehensive (SI) units package

(/usr/share/texlive/texmf-dist/tex/latex/tools/array.sty
Package: array 2016/10/06 v2.4d Tabular extension package (FMi)
\col@sep=\dimen187
\extrarowheight=\dimen188
\NC@list=\toks28
\extratabsurround=\skip131
\backup@length=\skip132
)
(/usr/share/texlive/texmf-dist/tex/latex/l3packages/l3keys2e/l3keys2e.sty
Package: l3keys2e 2018/02/21 LaTeX2e option processing using LaTeX3 keys
)
\l__siunitx_tmp_box=\box96
\l__siunitx_tmp_dim=\dimen189
\l__siunitx_tmp_int=\count293
\l__siunitx_number_mantissa_length_int=\count294
\l__siunitx_number_uncert_length_int=\count295
\l__siunitx_round_int=\count296
\l__siunitx_process_decimal_int=\count297
\l__siunitx_process_uncertainty_int=\count298
\l__siunitx_process_fixed_int=\count299
\l__siunitx_process_integer_min_int=\count300
\l__siunitx_process_precision_int=\count301
\l__siunitx_group_min_int=\count302
\l__siunitx_angle_marker_box=\box97
\l__siunitx_angle_unit_box=\box98
\l__siunitx_angle_marker_dim=\dimen190
\l__siunitx_angle_unit_dim=\dimen191
\l__siunitx_unit_int=\count303
\l__siunitx_unit_denominator_int=\count304
\l__siunitx_unit_numerator_int=\count305
\l__siunitx_unit_prefix_int=\count306
\l__siunitx_unit_prefix_base_int=\count307
\l__siunitx_unit_prefix_gram_int=\count308
\l__siunitx_number_product_int=\count309
\c__siunitx_one_fill_skip=\skip133
\l__siunitx_table_unit_align_skip=\skip134
\l__siunitx_table_exponent_dim=\dimen192
\l__siunitx_table_integer_dim=\dimen193
\l__siunitx_table_mantissa_dim=\dimen194
\l__siunitx_table_marker_dim=\dimen195
\l__siunitx_table_result_dim=\dimen196
\l__siunitx_table_uncert_dim=\dimen197
\l__siunitx_table_fill_pre_dim=\dimen198
\l__siunitx_table_fill_post_dim=\dimen199
\l__siunitx_table_fill_mid_dim=\dimen256
\l__siunitx_table_pre_box=\box99
\l__siunitx_table_post_box=\box100
\l__siunitx_table_mantissa_box=\box101
\l__siunitx_table_result_box=\box102
\l__siunitx_table_number_align_skip=\skip135
\l__siunitx_table_text_align_skip=\skip136
.................................................
. LaTeX info: "xparse/define-command"
. 
. Defining command \DeclareBinaryPrefix with sig. 'mmm' on line 7250.
.................................................
.................................................
. LaTeX info: "xparse/define-command"
. 
. Defining command \DeclareSIPostPower with sig. 'mm' on line 7253.
.................................................
.................................................
. LaTeX info: "xparse/define-command"
. 
. Defining command \DeclareSIPrefix with sig. 'mmm' on line 7256.
.................................................
.................................................
. LaTeX info: "xparse/define-command"
. 
. Defining command \DeclareSIPrePower with sig. 'mm' on line 7259.
.................................................
.................................................
. LaTeX info: "xparse/define-command"
. 
. Defining command \DeclareSIQualifier with sig. 'mm' on line 7262.
.................................................
.................................................
. LaTeX info: "xparse/define-command"
. 
. Defining command \DeclareSIUnit with sig. 'O{}mm' on line 7265.
.................................................
.................................................
. LaTeX info: "xparse/define-command"
. 
. Defining command \DeclareSIUnitWithOptions with sig. 'mmm' on line 7268.
.................................................
.................................................
. LaTeX info: "xparse/define-command"
. 
. Defining command \ang with sig. 'o>{\SplitArgument {2}{;}}m' on line 7283.
.................................................
.................................................
. LaTeX info: "xparse/define-command"
. 
. Defining command \num with sig. 'om' on line 7292.
.................................................
.................................................
. LaTeX info: "xparse/define-command"
. 
. Defining command \numlist with sig. 'o>{\SplitList {;}}m' on line 7301.
.................................................
.................................................
. LaTeX info: "xparse/define-command"
. 
. Defining command \numrange with sig. 'omm' on line 7310.
.................................................
.................................................
. LaTeX info: "xparse/define-command"
. 
. Defining command \SIlist with sig. 'o>{\SplitList {;}}mm' on line 7322.
.................................................
.................................................
. LaTeX info: "xparse/define-command"
. 
. Defining command \SIrange with sig. 'ommm' on line 7334.
.................................................
.................................................
. LaTeX info: "xparse/define-command"
. 
. Defining command \SI with sig. 'omom' on line 7346.
.................................................
.................................................
. LaTeX info: "xparse/define-command"
. 
. Defining command \sisetup with sig. 'm' on line 7349.
.................................................
.................................................
. LaTeX info: "xparse/define-command"
. 
. Defining command \tablenum with sig. 'om' on line 7364.
.................................................
.................................................
. LaTeX info: "xparse/define-command"
. 
. Defining command \si with sig. 'om' on line 7376.
.................................................
.................................................
. LaTeX info: "xparse/define-command"
. 
. Defining command \numInBookmark with sig. 'om' on line 7423.
.................................................
.................................................
. LaTeX info: "xparse/define-command"
. 
. Defining command \numrangeInBookmark with sig. 'omm' on line 7425.
.................................................
.................................................
. LaTeX info: "xparse/define-command"
. 
. Defining command \SIInBookmark with sig. 'omom' on line 7427.
.................................................
.................................................
. LaTeX info: "xparse/define-command"
. 
. Defining command \SIlistInBookmark with sig. 'omm' on line 7429.
.................................................
.................................................
. LaTeX info: "xparse/define-command"
. 
. Defining command \SIrangeInBookmark with sig. 'ommm' on line 7431.
.................................................
.................................................
. LaTeX info: "xparse/define-command"
. 
. Defining command \siInBookmark with sig. 'om' on line 7432.
.................................................
\g__file_internal_ior=\read1

(/usr/share/texlive/texmf-dist/tex/latex/translator/translator.sty
Package: translator 2018/01/04 v1.12 Easy translation of strings in LaTeX
))
(/usr/share/texlive/texmf-dist/tex/latex/jknapltx/mathrsfs.sty
Package: mathrsfs 1996/01/01 Math RSFS package v1.0 (jk)
\symrsfs=\mathgroup8
)
(/usr/share/texlive/texmf-dist/tex/latex/float/float.sty
Package: float 2001/11/08 v1.3d Float enhancements (AL)
\c@float@type=\count310
\float@exts=\toks29
\float@box=\box103
\@float@everytoks=\toks30
\@floatcapt=\box104
)
(/usr/share/texlive/texmf-dist/tex/latex/booktabs/booktabs.sty
Package: booktabs 2016/04/27 v1.618033 publication quality tables
\heavyrulewidth=\dimen257
\lightrulewidth=\dimen258
\cmidrulewidth=\dimen259
\belowrulesep=\dimen260
\belowbottomsep=\dimen261
\aboverulesep=\dimen262
\abovetopsep=\dimen263
\cmidrulesep=\dimen264
\cmidrulekern=\dimen265
\defaultaddspace=\dimen266
\@cmidla=\count311
\@cmidlb=\count312
\@aboverulesep=\dimen267
\@belowrulesep=\dimen268
\@thisruleclass=\count313
\@lastruleclass=\count314
\@thisrulewidth=\dimen269
)
(/usr/share/texlive/texmf-dist/tex/latex/soul/soul.sty
Package: soul 2003/11/17 v2.4 letterspacing/underlining (mf)
\SOUL@word=\toks31
\SOUL@lasttoken=\toks32
\SOUL@cmds=\toks33
\SOUL@buffer=\toks34
\SOUL@token=\toks35
\SOUL@spaceskip=\skip137
\SOUL@ttwidth=\dimen270
\SOUL@uldp=\dimen271
\SOUL@ulht=\dimen272
)
(/usr/share/texlive/texmf-dist/tex/latex/natbib/natbib.sty
Package: natbib 2010/09/13 8.31b (PWD, AO)
\bibhang=\skip138
\bibsep=\skip139
LaTeX Info: Redefining \cite on input line 694.
\c@NAT@ctr=\count315
)
(/usr/share/texlive/texmf-dist/tex/latex/setspace/setspace.sty
Package: setspace 2011/12/19 v6.7a set line spacing
)
(/usr/share/texlive/texmf-dist/tex/latex/pdfpages/pdfpages.sty
Package: pdfpages 2017/10/31 v0.5l Insert pages of external PDF documents (AM)

(/usr/share/texlive/texmf-dist/tex/latex/base/ifthen.sty
Package: ifthen 2014/09/29 v1.1c Standard LaTeX ifthen package (DPC)
)
(/usr/share/texlive/texmf-dist/tex/latex/tools/calc.sty
Package: calc 2014/10/28 v4.3 Infix arithmetic (KKT,FJ)
\calc@Acount=\count316
\calc@Bcount=\count317
\calc@Adimen=\dimen273
\calc@Bdimen=\dimen274
\calc@Askip=\skip140
\calc@Bskip=\skip141
LaTeX Info: Redefining \setlength on input line 80.
LaTeX Info: Redefining \addtolength on input line 81.
\calc@Ccount=\count318
\calc@Cskip=\skip142
)
(/usr/share/texlive/texmf-dist/tex/latex/eso-pic/eso-pic.sty
Package: eso-pic 2015/07/21 v2.0g eso-pic (RN)

(/usr/share/texlive/texmf-dist/tex/generic/oberdiek/atbegshi.sty
Package: atbegshi 2016/06/09 v1.18 At begin shipout hook (HO)

(/usr/share/texlive/texmf-dist/tex/generic/oberdiek/infwarerr.sty
Package: infwarerr 2016/05/16 v1.4 Providing info/warning/error messages (HO)
)
(/usr/share/texlive/texmf-dist/tex/generic/oberdiek/ltxcmds.sty
Package: ltxcmds 2016/05/16 v1.23 LaTeX kernel commands for general use (HO)
)
(/usr/share/texlive/texmf-dist/tex/generic/oberdiek/ifpdf.sty
Package: ifpdf 2017/03/15 v3.2 Provides the ifpdf switch
)))
\AM@pagewidth=\dimen275
\AM@pageheight=\dimen276

(/usr/share/texlive/texmf-dist/tex/latex/pdfpages/pppdftex.def
File: pppdftex.def 2017/10/31 v0.5l Pdfpages driver for pdfTeX (AM)
)
\AM@pagebox=\box105
\AM@global@opts=\toks36
\AM@toc@title=\toks37
\c@AM@survey=\count319
\AM@templatesizebox=\box106
)
(/usr/share/texlive/texmf-dist/tex/latex/mathalfa/mathalfa.sty
Package: mathalfa 2017/02/23 - 1.09mathalfa (License LPPL) Michael Sharpe

(/usr/share/texlive/texmf-dist/tex/latex/xkeyval/xkeyval.sty
Package: xkeyval 2014/12/03 v2.7a package option processing (HA)

(/usr/share/texlive/texmf-dist/tex/generic/xkeyval/xkeyval.tex
(/usr/share/texlive/texmf-dist/tex/generic/xkeyval/xkvutils.tex
\XKV@toks=\toks38
\XKV@tempa@toks=\toks39
)
\XKV@depth=\count320
File: xkeyval.tex 2014/12/03 v2.7a key=value parser (HA)
))
LaTeX Font Info:    Redeclaring math alphabet \mathbb on input line 140.
LaTeX Font Info:    Overwriting math alphabet `\mathbb' in version `bold'
(Font)                  U/BOONDOX-ds/m/n --> U/BOONDOX-ds/b/n on input line 141
.
)
(/usr/share/texlive/texmf-dist/tex/latex/pgf/frontendlayer/tikz.sty
(/usr/share/texlive/texmf-dist/tex/latex/pgf/basiclayer/pgf.sty
(/usr/share/texlive/texmf-dist/tex/latex/pgf/utilities/pgfrcs.sty
(/usr/share/texlive/texmf-dist/tex/generic/pgf/utilities/pgfutil-common.tex
\pgfutil@everybye=\toks40
\pgfutil@tempdima=\dimen277
\pgfutil@tempdimb=\dimen278

(/usr/share/texlive/texmf-dist/tex/generic/pgf/utilities/pgfutil-common-lists.t
ex)) (/usr/share/texlive/texmf-dist/tex/generic/pgf/utilities/pgfutil-latex.def
\pgfutil@abb=\box107
(/usr/share/texlive/texmf-dist/tex/latex/ms/everyshi.sty
Package: everyshi 2001/05/15 v3.00 EveryShipout Package (MS)
))
(/usr/share/texlive/texmf-dist/tex/generic/pgf/utilities/pgfrcs.code.tex
Package: pgfrcs 2015/08/07 v3.0.1a (rcs-revision 1.31)
))
Package: pgf 2015/08/07 v3.0.1a (rcs-revision 1.15)

(/usr/share/texlive/texmf-dist/tex/latex/pgf/basiclayer/pgfcore.sty
(/usr/share/texlive/texmf-dist/tex/latex/pgf/systemlayer/pgfsys.sty
(/usr/share/texlive/texmf-dist/tex/generic/pgf/systemlayer/pgfsys.code.tex
Package: pgfsys 2014/07/09 v3.0.1a (rcs-revision 1.48)

(/usr/share/texlive/texmf-dist/tex/generic/pgf/utilities/pgfkeys.code.tex
\pgfkeys@pathtoks=\toks41
\pgfkeys@temptoks=\toks42

(/usr/share/texlive/texmf-dist/tex/generic/pgf/utilities/pgfkeysfiltered.code.t
ex
\pgfkeys@tmptoks=\toks43
))
\pgf@x=\dimen279
\pgf@y=\dimen280
\pgf@xa=\dimen281
\pgf@ya=\dimen282
\pgf@xb=\dimen283
\pgf@yb=\dimen284
\pgf@xc=\dimen285
\pgf@yc=\dimen286
\w@pgf@writea=\write4
\r@pgf@reada=\read2
\c@pgf@counta=\count321
\c@pgf@countb=\count322
\c@pgf@countc=\count323
\c@pgf@countd=\count324
\t@pgf@toka=\toks44
\t@pgf@tokb=\toks45
\t@pgf@tokc=\toks46
 (/usr/share/texlive/texmf-dist/tex/generic/pgf/systemlayer/pgf.cfg
File: pgf.cfg 2008/05/14  (rcs-revision 1.7)
)
Driver file for pgf: pgfsys-pdftex.def

(/usr/share/texlive/texmf-dist/tex/generic/pgf/systemlayer/pgfsys-pdftex.def
File: pgfsys-pdftex.def 2014/10/11  (rcs-revision 1.35)

(/usr/share/texlive/texmf-dist/tex/generic/pgf/systemlayer/pgfsys-common-pdf.de
f
File: pgfsys-common-pdf.def 2013/10/10  (rcs-revision 1.13)
)))
(/usr/share/texlive/texmf-dist/tex/generic/pgf/systemlayer/pgfsyssoftpath.code.
tex
File: pgfsyssoftpath.code.tex 2013/09/09  (rcs-revision 1.9)
\pgfsyssoftpath@smallbuffer@items=\count325
\pgfsyssoftpath@bigbuffer@items=\count326
)
(/usr/share/texlive/texmf-dist/tex/generic/pgf/systemlayer/pgfsysprotocol.code.
tex
File: pgfsysprotocol.code.tex 2006/10/16  (rcs-revision 1.4)
)) (/usr/share/texlive/texmf-dist/tex/latex/xcolor/xcolor.sty
Package: xcolor 2016/05/11 v2.12 LaTeX color extensions (UK)

(/usr/share/texlive/texmf-dist/tex/latex/graphics-cfg/color.cfg
File: color.cfg 2016/01/02 v1.6 sample color configuration
)
Package xcolor Info: Driver file: pdftex.def on input line 225.
LaTeX Info: Redefining \color on input line 709.
Package xcolor Info: Model `cmy' substituted by `cmy0' on input line 1348.
Package xcolor Info: Model `hsb' substituted by `rgb' on input line 1352.
Package xcolor Info: Model `RGB' extended on input line 1364.
Package xcolor Info: Model `HTML' substituted by `rgb' on input line 1366.
Package xcolor Info: Model `Hsb' substituted by `hsb' on input line 1367.
Package xcolor Info: Model `tHsb' substituted by `hsb' on input line 1368.
Package xcolor Info: Model `HSB' substituted by `hsb' on input line 1369.
Package xcolor Info: Model `Gray' substituted by `gray' on input line 1370.
Package xcolor Info: Model `wave' substituted by `hsb' on input line 1371.
)
(/usr/share/texlive/texmf-dist/tex/generic/pgf/basiclayer/pgfcore.code.tex
Package: pgfcore 2010/04/11 v3.0.1a (rcs-revision 1.7)

(/usr/share/texlive/texmf-dist/tex/generic/pgf/math/pgfmath.code.tex
(/usr/share/texlive/texmf-dist/tex/generic/pgf/math/pgfmathcalc.code.tex
(/usr/share/texlive/texmf-dist/tex/generic/pgf/math/pgfmathutil.code.tex)
(/usr/share/texlive/texmf-dist/tex/generic/pgf/math/pgfmathparser.code.tex
\pgfmath@dimen=\dimen287
\pgfmath@count=\count327
\pgfmath@box=\box108
\pgfmath@toks=\toks47
\pgfmath@stack@operand=\toks48
\pgfmath@stack@operation=\toks49
)
(/usr/share/texlive/texmf-dist/tex/generic/pgf/math/pgfmathfunctions.code.tex
(/usr/share/texlive/texmf-dist/tex/generic/pgf/math/pgfmathfunctions.basic.code
.tex)
(/usr/share/texlive/texmf-dist/tex/generic/pgf/math/pgfmathfunctions.trigonomet
ric.code.tex)
(/usr/share/texlive/texmf-dist/tex/generic/pgf/math/pgfmathfunctions.random.cod
e.tex)
(/usr/share/texlive/texmf-dist/tex/generic/pgf/math/pgfmathfunctions.comparison
.code.tex)
(/usr/share/texlive/texmf-dist/tex/generic/pgf/math/pgfmathfunctions.base.code.
tex)
(/usr/share/texlive/texmf-dist/tex/generic/pgf/math/pgfmathfunctions.round.code
.tex)
(/usr/share/texlive/texmf-dist/tex/generic/pgf/math/pgfmathfunctions.misc.code.
tex)
(/usr/share/texlive/texmf-dist/tex/generic/pgf/math/pgfmathfunctions.integerari
thmetics.code.tex)))
(/usr/share/texlive/texmf-dist/tex/generic/pgf/math/pgfmathfloat.code.tex
\c@pgfmathroundto@lastzeros=\count328
))
(/usr/share/texlive/texmf-dist/tex/generic/pgf/basiclayer/pgfcorepoints.code.te
x
File: pgfcorepoints.code.tex 2013/10/07  (rcs-revision 1.27)
\pgf@picminx=\dimen288
\pgf@picmaxx=\dimen289
\pgf@picminy=\dimen290
\pgf@picmaxy=\dimen291
\pgf@pathminx=\dimen292
\pgf@pathmaxx=\dimen293
\pgf@pathminy=\dimen294
\pgf@pathmaxy=\dimen295
\pgf@xx=\dimen296
\pgf@xy=\dimen297
\pgf@yx=\dimen298
\pgf@yy=\dimen299
\pgf@zx=\dimen300
\pgf@zy=\dimen301
)
(/usr/share/texlive/texmf-dist/tex/generic/pgf/basiclayer/pgfcorepathconstruct.
code.tex
File: pgfcorepathconstruct.code.tex 2013/10/07  (rcs-revision 1.29)
\pgf@path@lastx=\dimen302
\pgf@path@lasty=\dimen303
)
(/usr/share/texlive/texmf-dist/tex/generic/pgf/basiclayer/pgfcorepathusage.code
.tex
File: pgfcorepathusage.code.tex 2014/11/02  (rcs-revision 1.24)
\pgf@shorten@end@additional=\dimen304
\pgf@shorten@start@additional=\dimen305
)
(/usr/share/texlive/texmf-dist/tex/generic/pgf/basiclayer/pgfcorescopes.code.te
x
File: pgfcorescopes.code.tex 2015/05/08  (rcs-revision 1.46)
\pgfpic=\box109
\pgf@hbox=\box110
\pgf@layerbox@main=\box111
\pgf@picture@serial@count=\count329
)
(/usr/share/texlive/texmf-dist/tex/generic/pgf/basiclayer/pgfcoregraphicstate.c
ode.tex
File: pgfcoregraphicstate.code.tex 2014/11/02  (rcs-revision 1.12)
\pgflinewidth=\dimen306
)
(/usr/share/texlive/texmf-dist/tex/generic/pgf/basiclayer/pgfcoretransformation
s.code.tex
File: pgfcoretransformations.code.tex 2015/08/07  (rcs-revision 1.20)
\pgf@pt@x=\dimen307
\pgf@pt@y=\dimen308
\pgf@pt@temp=\dimen309
)
(/usr/share/texlive/texmf-dist/tex/generic/pgf/basiclayer/pgfcorequick.code.tex
File: pgfcorequick.code.tex 2008/10/09  (rcs-revision 1.3)
)
(/usr/share/texlive/texmf-dist/tex/generic/pgf/basiclayer/pgfcoreobjects.code.t
ex
File: pgfcoreobjects.code.tex 2006/10/11  (rcs-revision 1.2)
)
(/usr/share/texlive/texmf-dist/tex/generic/pgf/basiclayer/pgfcorepathprocessing
.code.tex
File: pgfcorepathprocessing.code.tex 2013/09/09  (rcs-revision 1.9)
)
(/usr/share/texlive/texmf-dist/tex/generic/pgf/basiclayer/pgfcorearrows.code.te
x
File: pgfcorearrows.code.tex 2015/05/14  (rcs-revision 1.43)
\pgfarrowsep=\dimen310
)
(/usr/share/texlive/texmf-dist/tex/generic/pgf/basiclayer/pgfcoreshade.code.tex
File: pgfcoreshade.code.tex 2013/07/15  (rcs-revision 1.15)
\pgf@max=\dimen311
\pgf@sys@shading@range@num=\count330
)
(/usr/share/texlive/texmf-dist/tex/generic/pgf/basiclayer/pgfcoreimage.code.tex
File: pgfcoreimage.code.tex 2013/07/15  (rcs-revision 1.18)

(/usr/share/texlive/texmf-dist/tex/generic/pgf/basiclayer/pgfcoreexternal.code.
tex
File: pgfcoreexternal.code.tex 2014/07/09  (rcs-revision 1.21)
\pgfexternal@startupbox=\box112
))
(/usr/share/texlive/texmf-dist/tex/generic/pgf/basiclayer/pgfcorelayers.code.te
x
File: pgfcorelayers.code.tex 2013/07/18  (rcs-revision 1.7)
)
(/usr/share/texlive/texmf-dist/tex/generic/pgf/basiclayer/pgfcoretransparency.c
ode.tex
File: pgfcoretransparency.code.tex 2013/09/30  (rcs-revision 1.5)
)
(/usr/share/texlive/texmf-dist/tex/generic/pgf/basiclayer/pgfcorepatterns.code.
tex
File: pgfcorepatterns.code.tex 2013/11/07  (rcs-revision 1.5)
)))
(/usr/share/texlive/texmf-dist/tex/generic/pgf/modules/pgfmoduleshapes.code.tex
File: pgfmoduleshapes.code.tex 2014/03/21  (rcs-revision 1.35)
\pgfnodeparttextbox=\box113
) (/usr/share/texlive/texmf-dist/tex/generic/pgf/modules/pgfmoduleplot.code.tex
File: pgfmoduleplot.code.tex 2015/08/03  (rcs-revision 1.13)
)
(/usr/share/texlive/texmf-dist/tex/latex/pgf/compatibility/pgfcomp-version-0-65
.sty
Package: pgfcomp-version-0-65 2007/07/03 v3.0.1a (rcs-revision 1.7)
\pgf@nodesepstart=\dimen312
\pgf@nodesepend=\dimen313
)
(/usr/share/texlive/texmf-dist/tex/latex/pgf/compatibility/pgfcomp-version-1-18
.sty
Package: pgfcomp-version-1-18 2007/07/23 v3.0.1a (rcs-revision 1.1)
)) (/usr/share/texlive/texmf-dist/tex/latex/pgf/utilities/pgffor.sty
(/usr/share/texlive/texmf-dist/tex/latex/pgf/utilities/pgfkeys.sty
(/usr/share/texlive/texmf-dist/tex/generic/pgf/utilities/pgfkeys.code.tex))
(/usr/share/texlive/texmf-dist/tex/latex/pgf/math/pgfmath.sty
(/usr/share/texlive/texmf-dist/tex/generic/pgf/math/pgfmath.code.tex))
(/usr/share/texlive/texmf-dist/tex/generic/pgf/utilities/pgffor.code.tex
Package: pgffor 2013/12/13 v3.0.1a (rcs-revision 1.25)

(/usr/share/texlive/texmf-dist/tex/generic/pgf/math/pgfmath.code.tex)
\pgffor@iter=\dimen314
\pgffor@skip=\dimen315
\pgffor@stack=\toks50
\pgffor@toks=\toks51
))
(/usr/share/texlive/texmf-dist/tex/generic/pgf/frontendlayer/tikz/tikz.code.tex
Package: tikz 2015/08/07 v3.0.1a (rcs-revision 1.151)

(/usr/share/texlive/texmf-dist/tex/generic/pgf/libraries/pgflibraryplothandlers
.code.tex
File: pgflibraryplothandlers.code.tex 2013/08/31 v3.0.1a (rcs-revision 1.20)
\pgf@plot@mark@count=\count331
\pgfplotmarksize=\dimen316
)
\tikz@lastx=\dimen317
\tikz@lasty=\dimen318
\tikz@lastxsaved=\dimen319
\tikz@lastysaved=\dimen320
\tikzleveldistance=\dimen321
\tikzsiblingdistance=\dimen322
\tikz@figbox=\box114
\tikz@figbox@bg=\box115
\tikz@tempbox=\box116
\tikz@tempbox@bg=\box117
\tikztreelevel=\count332
\tikznumberofchildren=\count333
\tikznumberofcurrentchild=\count334
\tikz@fig@count=\count335

(/usr/share/texlive/texmf-dist/tex/generic/pgf/modules/pgfmodulematrix.code.tex
File: pgfmodulematrix.code.tex 2013/09/17  (rcs-revision 1.8)
\pgfmatrixcurrentrow=\count336
\pgfmatrixcurrentcolumn=\count337
\pgf@matrix@numberofcolumns=\count338
)
\tikz@expandcount=\count339

(/usr/share/texlive/texmf-dist/tex/generic/pgf/frontendlayer/tikz/libraries/tik
zlibrarytopaths.code.tex
File: tikzlibrarytopaths.code.tex 2008/06/17 v3.0.1a (rcs-revision 1.2)
)))
(/usr/share/texlive/texmf-dist/tex/generic/pgf/frontendlayer/tikz/libraries/tik
zlibrarytrees.code.tex
File: tikzlibrarytrees.code.tex 2008/02/24 v3.0.1a (rcs-revision 1.2)
)
(/usr/share/texlive/texmf-dist/tex/generic/pgf/frontendlayer/tikz/libraries/tik
zlibraryshapes.code.tex
File: tikzlibraryshapes.code.tex 2008/01/09 v3.0.1a (rcs-revision 1.1)

(/usr/share/texlive/texmf-dist/tex/generic/pgf/frontendlayer/tikz/libraries/tik
zlibraryshapes.geometric.code.tex
File: tikzlibraryshapes.geometric.code.tex 2008/01/09 v3.0.1a (rcs-revision 1.1
)

(/usr/share/texlive/texmf-dist/tex/generic/pgf/libraries/shapes/pgflibraryshape
s.geometric.code.tex
File: pgflibraryshapes.geometric.code.tex 2008/06/26 v3.0.1a (rcs-revision 1.1)

))
(/usr/share/texlive/texmf-dist/tex/generic/pgf/frontendlayer/tikz/libraries/tik
zlibraryshapes.misc.code.tex
File: tikzlibraryshapes.misc.code.tex 2008/01/09 v3.0.1a (rcs-revision 1.1)

(/usr/share/texlive/texmf-dist/tex/generic/pgf/libraries/shapes/pgflibraryshape
s.misc.code.tex
File: pgflibraryshapes.misc.code.tex 2013/07/18 v3.0.1a (rcs-revision 1.5)
))
(/usr/share/texlive/texmf-dist/tex/generic/pgf/frontendlayer/tikz/libraries/tik
zlibraryshapes.symbols.code.tex
File: tikzlibraryshapes.symbols.code.tex 2008/01/09 v3.0.1a (rcs-revision 1.1)

(/usr/share/texlive/texmf-dist/tex/generic/pgf/libraries/shapes/pgflibraryshape
s.symbols.code.tex
File: pgflibraryshapes.symbols.code.tex 2013/09/11 v3.0.1a (rcs-revision 1.6)
))
(/usr/share/texlive/texmf-dist/tex/generic/pgf/frontendlayer/tikz/libraries/tik
zlibraryshapes.arrows.code.tex
File: tikzlibraryshapes.arrows.code.tex 2008/01/09 v3.0.1a (rcs-revision 1.1)

(/usr/share/texlive/texmf-dist/tex/generic/pgf/libraries/shapes/pgflibraryshape
s.arrows.code.tex
File: pgflibraryshapes.arrows.code.tex 2008/06/26 v3.0.1a (rcs-revision 1.1)
))
(/usr/share/texlive/texmf-dist/tex/generic/pgf/frontendlayer/tikz/libraries/tik
zlibraryshapes.callouts.code.tex
(/usr/share/texlive/texmf-dist/tex/generic/pgf/libraries/shapes/pgflibraryshape
s.callouts.code.tex))
(/usr/share/texlive/texmf-dist/tex/generic/pgf/frontendlayer/tikz/libraries/tik
zlibraryshapes.multipart.code.tex
File: tikzlibraryshapes.multipart.code.tex 2008/01/09 v3.0.1a (rcs-revision 1.1
)

(/usr/share/texlive/texmf-dist/tex/generic/pgf/libraries/shapes/pgflibraryshape
s.multipart.code.tex
File: pgflibraryshapes.multipart.code.tex 2010/01/07 v3.0.1a (rcs-revision 1.2)

\pgfnodepartlowerbox=\box118
\pgfnodeparttwobox=\box119
\pgfnodepartthreebox=\box120
\pgfnodepartfourbox=\box121
\pgfnodeparttwentybox=\box122
\pgfnodepartnineteenbox=\box123
\pgfnodeparteighteenbox=\box124
\pgfnodepartseventeenbox=\box125
\pgfnodepartsixteenbox=\box126
\pgfnodepartfifteenbox=\box127
\pgfnodepartfourteenbox=\box128
\pgfnodepartthirteenbox=\box129
\pgfnodeparttwelvebox=\box130
\pgfnodepartelevenbox=\box131
\pgfnodeparttenbox=\box132
\pgfnodepartninebox=\box133
\pgfnodeparteightbox=\box134
\pgfnodepartsevenbox=\box135
\pgfnodepartsixbox=\box136
\pgfnodepartfivebox=\box137
)))
(/usr/share/texlive/texmf-dist/tex/generic/pgf/frontendlayer/tikz/libraries/tik
zlibrarymatrix.code.tex
File: tikzlibrarymatrix.code.tex 2013/07/12 v3.0.1a (rcs-revision 1.4)
)
\@indexfile=\write5
\openout5 = `Hierarchical_forecasting.idx'.


Writing index file Hierarchical_forecasting.idx
(./Hierarchical_forecasting.aux

LaTeX Warning: Label `def:coherence' multiply defined.

)
\openout1 = `Hierarchical_forecasting.aux'.

LaTeX Font Info:    Checking defaults for OML/cmm/m/it on input line 58.
LaTeX Font Info:    ... okay on input line 58.
LaTeX Font Info:    Checking defaults for T1/cmr/m/n on input line 58.
LaTeX Font Info:    ... okay on input line 58.
LaTeX Font Info:    Checking defaults for OT1/cmr/m/n on input line 58.
LaTeX Font Info:    ... okay on input line 58.
LaTeX Font Info:    Checking defaults for OMS/cmsy/m/n on input line 58.
LaTeX Font Info:    ... okay on input line 58.
LaTeX Font Info:    Checking defaults for OMX/cmex/m/n on input line 58.
LaTeX Font Info:    ... okay on input line 58.
LaTeX Font Info:    Checking defaults for U/cmr/m/n on input line 58.
LaTeX Font Info:    ... okay on input line 58.
LaTeX Font Info:    Try loading font information for OT1+ptm on input line 58.
 (/usr/share/texlive/texmf-dist/tex/latex/psnfss/ot1ptm.fd
File: ot1ptm.fd 2001/06/04 font definitions for OT1/ptm.
)
(/usr/share/texlive/texmf-dist/tex/context/base/mkii/supp-pdf.mkii
[Loading MPS to PDF converter (version 2006.09.02).]
\scratchcounter=\count340
\scratchdimen=\dimen323
\scratchbox=\box138
\nofMPsegments=\count341
\nofMParguments=\count342
\everyMPshowfont=\toks52
\MPscratchCnt=\count343
\MPscratchDim=\dimen324
\MPnumerator=\count344
\makeMPintoPDFobject=\count345
\everyMPtoPDFconversion=\toks53
) (/usr/share/texlive/texmf-dist/tex/latex/oberdiek/epstopdf-base.sty
Package: epstopdf-base 2016/05/15 v2.6 Base part for package epstopdf

(/usr/share/texlive/texmf-dist/tex/latex/oberdiek/grfext.sty
Package: grfext 2016/05/16 v1.2 Manage graphics extensions (HO)

(/usr/share/texlive/texmf-dist/tex/generic/oberdiek/kvdefinekeys.sty
Package: kvdefinekeys 2016/05/16 v1.4 Define keys (HO)
))
(/usr/share/texlive/texmf-dist/tex/latex/oberdiek/kvoptions.sty
Package: kvoptions 2016/05/16 v3.12 Key value format for package options (HO)

(/usr/share/texlive/texmf-dist/tex/generic/oberdiek/kvsetkeys.sty
Package: kvsetkeys 2016/05/16 v1.17 Key value parser (HO)

(/usr/share/texlive/texmf-dist/tex/generic/oberdiek/etexcmds.sty
Package: etexcmds 2016/05/16 v1.6 Avoid name clashes with e-TeX commands (HO)

(/usr/share/texlive/texmf-dist/tex/generic/oberdiek/ifluatex.sty
Package: ifluatex 2016/05/16 v1.4 Provides the ifluatex switch (HO)
Package ifluatex Info: LuaTeX not detected.
)
Package etexcmds Info: Could not find \expanded.
(etexcmds)             That can mean that you are not using pdfTeX 1.50 or
(etexcmds)             that some package has redefined \expanded.
(etexcmds)             In the latter case, load this package earlier.
)))
(/usr/share/texlive/texmf-dist/tex/generic/oberdiek/pdftexcmds.sty
Package: pdftexcmds 2018/01/21 v0.26 Utility functions of pdfTeX for LuaTeX (HO
)
Package pdftexcmds Info: LuaTeX not detected.
Package pdftexcmds Info: \pdf@primitive is available.
Package pdftexcmds Info: \pdf@ifprimitive is available.
Package pdftexcmds Info: \pdfdraftmode found.
)
Package epstopdf-base Info: Redefining graphics rule for `.eps' on input line 4
38.
Package grfext Info: Graphics extension search list:
(grfext)             [.pdf,.png,.jpg,.mps,.jpeg,.jbig2,.jb2,.PDF,.PNG,.JPG,.JPE
G,.JBIG2,.JB2,.eps]
(grfext)             \AppendGraphicsExtensions on input line 456.

(/usr/share/texlive/texmf-dist/tex/latex/latexconfig/epstopdf-sys.cfg
File: epstopdf-sys.cfg 2010/07/13 v1.3 Configuration of (r)epstopdf for TeX Liv
e
))
(/usr/share/texlive/texmf-dist/tex/latex/translator/translator-basic-dictionary
-English.dict
Dictionary: translator-basic-dictionary, Language: English 
)
(/usr/share/texlive/texmf-dist/tex/latex/siunitx/siunitx-abbreviations.cfg
File: siunitx-abbreviations.cfg 2017/11/26 v2.7k siunitx: Abbreviated units
)
\AtBeginShipoutBox=\box139

(/usr/share/texlive/texmf-dist/tex/latex/oberdiek/pdflscape.sty
Package: pdflscape 2016/05/14 v0.11 Display of landscape pages in PDF (HO)

(/usr/share/texlive/texmf-dist/tex/latex/graphics/lscape.sty
Package: lscape 2000/10/22 v3.01 Landscape Pages (DPC)
)
Package pdflscape Info: Auto-detected driver: pdftex on input line 81.

(/usr/share/texlive/texmf-dist/tex/generic/ifxetex/ifxetex.sty
Package: ifxetex 2010/09/12 v0.6 Provides ifxetex conditional
))
ABD: EveryShipout initializing macros
\c__siunitx_mathsf_int=\count346
LaTeX Font Info:    Try loading font information for OT1+ztmcm on input line 58
.

(/usr/share/texlive/texmf-dist/tex/latex/psnfss/ot1ztmcm.fd
File: ot1ztmcm.fd 2000/01/03 Fontinst v1.801 font definitions for OT1/ztmcm.
)
LaTeX Font Info:    Try loading font information for OML+ztmcm on input line 58
.

(/usr/share/texlive/texmf-dist/tex/latex/psnfss/omlztmcm.fd
File: omlztmcm.fd 2000/01/03 Fontinst v1.801 font definitions for OML/ztmcm.
)
LaTeX Font Info:    Try loading font information for OMS+ztmcm on input line 58
.

(/usr/share/texlive/texmf-dist/tex/latex/psnfss/omsztmcm.fd
File: omsztmcm.fd 2000/01/03 Fontinst v1.801 font definitions for OMS/ztmcm.
)
LaTeX Font Info:    Try loading font information for OMX+ztmcm on input line 58
.

(/usr/share/texlive/texmf-dist/tex/latex/psnfss/omxztmcm.fd
File: omxztmcm.fd 2000/01/03 Fontinst v1.801 font definitions for OMX/ztmcm.
)
LaTeX Font Info:    Font shape `OT1/ptm/bx/n' in size <10> not available
(Font)              Font shape `OT1/ptm/b/n' tried instead on input line 58.
LaTeX Font Info:    Font shape `OT1/ptm/bx/n' in size <7.4> not available
(Font)              Font shape `OT1/ptm/b/n' tried instead on input line 58.
LaTeX Font Info:    Font shape `OT1/ptm/bx/n' in size <6> not available
(Font)              Font shape `OT1/ptm/b/n' tried instead on input line 58.
LaTeX Font Info:    Try loading font information for U+rsfs on input line 58.

(/usr/share/texlive/texmf-dist/tex/latex/jknapltx/ursfs.fd
File: ursfs.fd 1998/03/24 rsfs font definition file (jk)
)
\c__siunitx_mathtt_int=\count347
LaTeX Font Info:    Font shape `OT1/ptm/bx/n' in size <14> not available
(Font)              Font shape `OT1/ptm/b/n' tried instead on input line 73.


Package mathptmx Warning: There are no bold math fonts on input line 73.

LaTeX Font Info:    Font shape `OT1/ptm/bx/n' in size <16> not available
(Font)              Font shape `OT1/ptm/b/n' tried instead on input line 73.
LaTeX Font Info:    Calculating math sizes for size <8.5> on input line 73.
LaTeX Font Info:    Font shape `OT1/ptm/bx/n' in size <8.5> not available
(Font)              Font shape `OT1/ptm/b/n' tried instead on input line 73.
LaTeX Font Info:    Font shape `OT1/ptm/bx/n' in size <6.29004> not available
(Font)              Font shape `OT1/ptm/b/n' tried instead on input line 73.
LaTeX Font Info:    Font shape `OT1/ptm/bx/n' in size <5.10005> not available
(Font)              Font shape `OT1/ptm/b/n' tried instead on input line 73.

LaTeX Font Warning: Font shape `U/rsfs/m/n' in size <8.5> not available
(Font)              size <8> substituted on input line 73.

LaTeX Font Info:    Font shape `OT1/ptm/bx/n' in size <12> not available
(Font)              Font shape `OT1/ptm/b/n' tried instead on input line 78.
LaTeX Font Info:    Try loading font information for OMS+ptm on input line 82.
(/usr/share/texlive/texmf-dist/tex/latex/psnfss/omsptm.fd
File: omsptm.fd 
)
LaTeX Font Info:    Font shape `OMS/ptm/m/n' in size <10> not available
(Font)              Font shape `OMS/cmsy/m/n' tried instead on input line 82.
 [1



{/var/lib/texmf/fonts/map/pdftex/updmap/pdftex.map}]
Underfull \hbox (badness 10000) in paragraph at lines 96--97

 []

[2]
Underfull \hbox (badness 10000) in paragraph at lines 134--135
\OT1/ptm/m/n/10 va-tions across all se-ries of the hi-er-ar-chy at $\OML/ztmcm/
m/it/10 t$\OT1/ptm/m/n/10 . Sim-i-larly de-note as
 []

[3

]

LaTeX Warning: Reference `XXX' on page 4 undefined on input line 156.


Package natbib Warning: Citation `AthEtAl2017' on page 4 undefined on input lin
e 179.


Package natbib Warning: Citation `ZelMon1971' on page 4 undefined on input line
 179.


Package natbib Warning: Citation `AmeWu1972' on page 4 undefined on input line 
179.


Package natbib Warning: Citation `Tia1972' on page 4 undefined on input line 17
9.


Package natbib Warning: Citation `Bre1973' on page 4 undefined on input line 17
9.


Package natbib Warning: Citation `Hot1993' on page 4 undefined on input line 17
9.


Package natbib Warning: Citation `HotCar1993' on page 4 undefined on input line
 179.


Package natbib Warning: Citation `Mar1999' on page 4 undefined on input line 17
9.


Package natbib Warning: Citation `SilEtAl2008' on page 4 undefined on input lin
e 179.


Package natbib Warning: Citation `RosSea1995' on page 4 undefined on input line
 179.


Package natbib Warning: Citation `NijPal1990' on page 4 undefined on input line
 179.


Package natbib Warning: Citation `SilEtAl2008' on page 4 undefined on input lin
e 179.

[4]

Package natbib Warning: Citation `AndEtAl2011' on page 5 undefined on input lin
e 181.


Package natbib Warning: Citation `KouEtAl2014' on page 5 undefined on input lin
e 181.


Package natbib Warning: Citation `AthEtAl2017' on page 5 undefined on input lin
e 181.

LaTeX Font Info:    Font shape `OT1/ptm/bx/it' in size <12> not available
(Font)              Font shape `OT1/ptm/b/it' tried instead on input line 198.
[5]

Package natbib Warning: Citation `AthEtAl2009' on page 6 undefined on input lin
e 217.

[6]

Package natbib Warning: Citation `WicEtAl2019' on page 7 undefined on input lin
e 247.

[7]

Package natbib Warning: Citation `WicEtAl2019' on page 8 undefined on input lin
e 257.


Package natbib Warning: Citation `WicEtAl2019' on page 8 undefined on input lin
e 262.


Package natbib Warning: Citation `HynEtAl2011' on page 8 undefined on input lin
e 268.


Package natbib Warning: Citation `HynEtAl2011' on page 8 undefined on input lin
e 274.

LaTeX Font Info:    Try loading font information for U+psy on input line 274.
(/usr/share/texlive/texmf-dist/tex/latex/psnfss/upsy.fd
File: upsy.fd 2001/06/04 font definitions for U/psy.
)

Package natbib Warning: Citation `WicEtAl2019' on page 8 undefined on input lin
e 274.

[8]
Overfull \hbox (40.474pt too wide) in paragraph at lines 298--299
\OT1/ptm/m/n/10 Assume that $[][]$ is a set of un-bi-ased base fore-casts, i.e.
, $\OML/ztmcm/m/it/10 E[]\OT1/ztmcm/m/n/10 ([][]) = \OML/ztmcm/m/it/10 E[]\OT1/
ztmcm/m/n/10 [[][]\OMS/ztmcm/m/n/10 j[][]\OML/ztmcm/m/it/10 ; :::; [][]\OT1/ztm
cm/m/n/10 ]$\OT1/ptm/m/n/10 ,
 []


Package natbib Warning: Citation `HynEtAl2011' on page 9 undefined on input lin
e 300.

[9]

Package natbib Warning: Citation `WicEtAl2019' on page 10 undefined on input li
ne 310.

[10] [11] [12]
Overfull \hbox (15.3549pt too wide) detected at line 452
[]
 []

[13]
<Figs/TS-plots/INC-hierarchy/INC-char-of-levels-TSplots.png, id=60, 602.25pt x 
454.69875pt>
File: Figs/TS-plots/INC-hierarchy/INC-char-of-levels-TSplots.png Graphic file (
type png)
<use Figs/TS-plots/INC-hierarchy/INC-char-of-levels-TSplots.png>
Package pdftex.def Info: Figs/TS-plots/INC-hierarchy/INC-char-of-levels-TSplots
.png  used on input line 492.
(pdftex.def)             Requested size: 301.12425pt x 227.34882pt.
 [14]
<Figs/TS-plots/EXP-hierarchy/EXP-char-of-levels-TSplots.png, id=64, 602.25pt x 
454.69875pt>
File: Figs/TS-plots/EXP-hierarchy/EXP-char-of-levels-TSplots.png Graphic file (
type png)
<use Figs/TS-plots/EXP-hierarchy/EXP-char-of-levels-TSplots.png>
Package pdftex.def Info: Figs/TS-plots/EXP-hierarchy/EXP-char-of-levels-TSplots
.png  used on input line 499.
(pdftex.def)             Requested size: 301.12425pt x 227.34882pt.
 [15 <./Figs/TS-plots/INC-hierarchy/INC-char-of-levels-TSplots.png> <./Figs/TS-
plots/EXP-hierarchy/EXP-char-of-levels-TSplots.png>]

Package natbib Warning: Citation `PanEtAl2019' on page 16 undefined on input li
ne 526.

[16

]

Package natbib Warning: Citation `hyndman2018forecasting' on page 17 undefined 
on input line 536.

[17]
<Figs/Results/INC-PointF.png, id=76, 602.25pt x 455.45157pt>
File: Figs/Results/INC-PointF.png Graphic file (type png)
<use Figs/Results/INC-PointF.png>
Package pdftex.def Info: Figs/Results/INC-PointF.png  used on input line 581.
(pdftex.def)             Requested size: 301.12425pt x 227.72522pt.
<Figs/Results/EXP-PointF.png, id=77, 602.25pt x 456.20438pt>
File: Figs/Results/EXP-PointF.png Graphic file (type png)
<use Figs/Results/EXP-PointF.png>
Package pdftex.def Info: Figs/Results/EXP-PointF.png  used on input line 591.
(pdftex.def)             Requested size: 301.12425pt x 228.10162pt.
 [18 <./Figs/Results/INC-PointF.png>]
<Figs/Results/NaiveVsBase_MSE.png, id=82, 602.25pt x 461.47406pt>
File: Figs/Results/NaiveVsBase_MSE.png Graphic file (type png)
<use Figs/Results/NaiveVsBase_MSE.png>
Package pdftex.def Info: Figs/Results/NaiveVsBase_MSE.png  used on input line 6
07.
(pdftex.def)             Requested size: 301.12425pt x 230.73645pt.
 [19 <./Figs/Results/EXP-PointF.png>]
<Figs/Results/NaiveVsBase_MASE.png, id=88, 602.25pt x 461.47406pt>
File: Figs/Results/NaiveVsBase_MASE.png Graphic file (type png)
<use Figs/Results/NaiveVsBase_MASE.png>
Package pdftex.def Info: Figs/Results/NaiveVsBase_MASE.png  used on input line 
614.
(pdftex.def)             Requested size: 301.12425pt x 230.73645pt.

[20 <./Figs/Results/NaiveVsBase_MSE.png> <./Figs/Results/NaiveVsBase_MASE.png>]
<Figs/Results/INC-ProbGaussF-MultivS_ES_VS.png, id=94, 602.25pt x 455.45157pt>
File: Figs/Results/INC-ProbGaussF-MultivS_ES_VS.png Graphic file (type png)
<use Figs/Results/INC-ProbGaussF-MultivS_ES_VS.png>
Package pdftex.def Info: Figs/Results/INC-ProbGaussF-MultivS_ES_VS.png  used on
 input line 657.
(pdftex.def)             Requested size: 301.12425pt x 227.72522pt.
[21]
<Figs/Results/INC-ProbGaussF-UnivS_CRPS.png, id=98, 602.25pt x 455.45157pt>
File: Figs/Results/INC-ProbGaussF-UnivS_CRPS.png Graphic file (type png)
<use Figs/Results/INC-ProbGaussF-UnivS_CRPS.png>
Package pdftex.def Info: Figs/Results/INC-ProbGaussF-UnivS_CRPS.png  used on in
put line 664.
(pdftex.def)             Requested size: 301.12425pt x 227.72522pt.
 [22 <./Figs/Results/INC-ProbGaussF-MultivS_ES_VS.png>]
<Figs/Results/EXP-ProbGaussF-MultivS_ES_VS.png, id=103, 602.25pt x 455.45157pt>

File: Figs/Results/EXP-ProbGaussF-MultivS_ES_VS.png Graphic file (type png)
<use Figs/Results/EXP-ProbGaussF-MultivS_ES_VS.png>
Package pdftex.def Info: Figs/Results/EXP-ProbGaussF-MultivS_ES_VS.png  used on
 input line 674.
(pdftex.def)             Requested size: 301.12425pt x 227.72522pt.
 [23 <./Figs/Results/INC-ProbGaussF-UnivS_CRPS.png>]
<Figs/Results/EXP-ProbGaussF-UnivS_CRPS.png, id=108, 602.25pt x 455.45157pt>
File: Figs/Results/EXP-ProbGaussF-UnivS_CRPS.png Graphic file (type png)
<use Figs/Results/EXP-ProbGaussF-UnivS_CRPS.png>
Package pdftex.def Info: Figs/Results/EXP-ProbGaussF-UnivS_CRPS.png  used on in
put line 681.
(pdftex.def)             Requested size: 301.12425pt x 227.72522pt.
 [24 <./Figs/Results/EXP-ProbGaussF-MultivS_ES_VS.png>]
<Figs/Results/INC-ProbNonParaF-MultivS_ES_VS.png, id=113, 602.25pt x 455.45157p
t>
File: Figs/Results/INC-ProbNonParaF-MultivS_ES_VS.png Graphic file (type png)
<use Figs/Results/INC-ProbNonParaF-MultivS_ES_VS.png>
Package pdftex.def Info: Figs/Results/INC-ProbNonParaF-MultivS_ES_VS.png  used 
on input line 703.
(pdftex.def)             Requested size: 301.12425pt x 227.72522pt.
 [25 <./Figs/Results/EXP-ProbGaussF-UnivS_CRPS.png>]
<Figs/Results/INC-ProbNonParaF-UnivS_CRPS.png, id=119, 602.25pt x 455.45157pt>
File: Figs/Results/INC-ProbNonParaF-UnivS_CRPS.png Graphic file (type png)
<use Figs/Results/INC-ProbNonParaF-UnivS_CRPS.png>
Package pdftex.def Info: Figs/Results/INC-ProbNonParaF-UnivS_CRPS.png  used on 
input line 710.
(pdftex.def)             Requested size: 301.12425pt x 227.72522pt.
 [26 <./Figs/Results/INC-ProbNonParaF-MultivS_ES_VS.png>]
<Figs/Results/EXP-ProbNonParaF-MultivS_ES_VS.png, id=124, 602.25pt x 455.45157p
t>
File: Figs/Results/EXP-ProbNonParaF-MultivS_ES_VS.png Graphic file (type png)
<use Figs/Results/EXP-ProbNonParaF-MultivS_ES_VS.png>
Package pdftex.def Info: Figs/Results/EXP-ProbNonParaF-MultivS_ES_VS.png  used 
on input line 724.
(pdftex.def)             Requested size: 301.12425pt x 227.72522pt.
 [27 <./Figs/Results/INC-ProbNonParaF-UnivS_CRPS.png>]
<Figs/Results/EXP-ProbNonParaF-UnivS_CRPS.png, id=129, 602.25pt x 455.45157pt>
File: Figs/Results/EXP-ProbNonParaF-UnivS_CRPS.png Graphic file (type png)
<use Figs/Results/EXP-ProbNonParaF-UnivS_CRPS.png>
Package pdftex.def Info: Figs/Results/EXP-ProbNonParaF-UnivS_CRPS.png  used on 
input line 731.
(pdftex.def)             Requested size: 301.12425pt x 227.72522pt.
 [28 <./Figs/Results/EXP-ProbNonParaF-MultivS_ES_VS.png>] [29 <./Figs/Results/E
XP-ProbNonParaF-UnivS_CRPS.png>]
<Figs/GDP_P_fig1.PNG, id=138, 463.7325pt x 299.31825pt>
File: Figs/GDP_P_fig1.PNG Graphic file (type png)
<use Figs/GDP_P_fig1.PNG>
Package pdftex.def Info: Figs/GDP_P_fig1.PNG  used on input line 748.
(pdftex.def)             Requested size: 301.42255pt x 194.55455pt.
<Figs/GDP_P_fig2.PNG, id=140, 574.5465pt x 450.483pt>
File: Figs/GDP_P_fig2.PNG Graphic file (type png)
<use Figs/GDP_P_fig2.PNG>
Package pdftex.def Info: Figs/GDP_P_fig2.PNG  used on input line 755.
(pdftex.def)             Requested size: 373.45079pt x 292.81047pt.

Overfull \hbox (40.55356pt too wide) in paragraph at lines 755--756
 [][] 
 []

[30 <./Figs/GDP_P_fig1.PNG>]
<Figs/GDP_I_fig1.PNG, id=145, 554.07pt x 330.033pt>
File: Figs/GDP_I_fig1.PNG Graphic file (type png)
<use Figs/GDP_I_fig1.PNG>
Package pdftex.def Info: Figs/GDP_I_fig1.PNG  used on input line 762.
(pdftex.def)             Requested size: 360.14124pt x 214.51889pt.

Overfull \hbox (27.244pt too wide) in paragraph at lines 762--763
 [][] 
 []

[31 <./Figs/GDP_P_fig2.PNG>]
Overfull \hbox (76.06836pt too wide) detected at line 768
[]
 []

<Figs/GDP_E_fig1.PNG, id=151, 590.80725pt x 366.77025pt>
File: Figs/GDP_E_fig1.PNG Graphic file (type png)
<use Figs/GDP_E_fig1.PNG>
Package pdftex.def Info: Figs/GDP_E_fig1.PNG  used on input line 774.
(pdftex.def)             Requested size: 384.02016pt x 238.39783pt.

Overfull \hbox (51.12292pt too wide) in paragraph at lines 774--775
 [][] 
 []

[32 <./Figs/GDP_I_fig1.PNG>]
<Figs/GDP_E_fig2.PNG, id=156, 338.4645pt x 298.11375pt>
File: Figs/GDP_E_fig2.PNG Graphic file (type png)
<use Figs/GDP_E_fig2.PNG>
Package pdftex.def Info: Figs/GDP_E_fig2.PNG  used on input line 781.
(pdftex.def)             Requested size: 338.46367pt x 298.11302pt.

Overfull \hbox (5.56644pt too wide) in paragraph at lines 781--782
 [][] 
 []

[33 <./Figs/GDP_E_fig1.PNG>]
<Figs/GDP_E_fig3.PNG, id=161, 590.80725pt x 351.714pt>
File: Figs/GDP_E_fig3.PNG Graphic file (type png)
<use Figs/GDP_E_fig3.PNG>
Package pdftex.def Info: Figs/GDP_E_fig3.PNG  used on input line 788.
(pdftex.def)             Requested size: 384.02016pt x 228.61139pt.

Overfull \hbox (51.12292pt too wide) in paragraph at lines 788--789
 [][] 
 []

[34 <./Figs/GDP_E_fig2.PNG>] [35 <./Figs/GDP_E_fig3.PNG>] [36] [37]
<Figs/TS-plots/INC-hierarchy/INC-aggregates_TSplots.png, id=177, 602.25pt x 454
.69875pt>
File: Figs/TS-plots/INC-hierarchy/INC-aggregates_TSplots.png Graphic file (type
 png)
<use Figs/TS-plots/INC-hierarchy/INC-aggregates_TSplots.png>
Package pdftex.def Info: Figs/TS-plots/INC-hierarchy/INC-aggregates_TSplots.png
  used on input line 975.
(pdftex.def)             Requested size: 301.12425pt x 227.34882pt.
 [38]
<Figs/TS-plots/INC-hierarchy/INC-bottomlevel-TSplots.png, id=181, 602.25pt x 45
4.69875pt>
File: Figs/TS-plots/INC-hierarchy/INC-bottomlevel-TSplots.png Graphic file (typ
e png)
<use Figs/TS-plots/INC-hierarchy/INC-bottomlevel-TSplots.png>
Package pdftex.def Info: Figs/TS-plots/INC-hierarchy/INC-bottomlevel-TSplots.pn
g  used on input line 982.
(pdftex.def)             Requested size: 301.12425pt x 227.34882pt.
<Figs/TS-plots/EXP-hierarchy/set-1.png, id=182, 602.25pt x 455.45157pt>
File: Figs/TS-plots/EXP-hierarchy/set-1.png Graphic file (type png)
<use Figs/TS-plots/EXP-hierarchy/set-1.png>
Package pdftex.def Info: Figs/TS-plots/EXP-hierarchy/set-1.png  used on input l
ine 989.
(pdftex.def)             Requested size: 301.12425pt x 227.72522pt.

[39 <./Figs/TS-plots/INC-hierarchy/INC-aggregates_TSplots.png> <./Figs/TS-plots
/INC-hierarchy/INC-bottomlevel-TSplots.png>]
<Figs/TS-plots/EXP-hierarchy/set-2.png, id=188, 602.25pt x 455.45157pt>
File: Figs/TS-plots/EXP-hierarchy/set-2.png Graphic file (type png)
<use Figs/TS-plots/EXP-hierarchy/set-2.png>
Package pdftex.def Info: Figs/TS-plots/EXP-hierarchy/set-2.png  used on input l
ine 996.
(pdftex.def)             Requested size: 301.12425pt x 227.72522pt.
<Figs/TS-plots/EXP-hierarchy/set-3.png, id=189, 602.25pt x 455.45157pt>
File: Figs/TS-plots/EXP-hierarchy/set-3.png Graphic file (type png)
<use Figs/TS-plots/EXP-hierarchy/set-3.png>
Package pdftex.def Info: Figs/TS-plots/EXP-hierarchy/set-3.png  used on input l
ine 1003.
(pdftex.def)             Requested size: 301.12425pt x 227.72522pt.
 [40 <./Figs/TS-plots/EXP-hierarchy/set-1.png> <./Figs/TS-plots/EXP-hierarchy/s
et-2.png>]
<Figs/TS-plots/EXP-hierarchy/set-4.png, id=195, 602.25pt x 455.45157pt>
File: Figs/TS-plots/EXP-hierarchy/set-4.png Graphic file (type png)
<use Figs/TS-plots/EXP-hierarchy/set-4.png>
Package pdftex.def Info: Figs/TS-plots/EXP-hierarchy/set-4.png  used on input l
ine 1010.
(pdftex.def)             Requested size: 301.12425pt x 227.72522pt.
<Figs/TS-plots/EXP-hierarchy/set-5.png, id=196, 602.25pt x 455.45157pt>
File: Figs/TS-plots/EXP-hierarchy/set-5.png Graphic file (type png)
<use Figs/TS-plots/EXP-hierarchy/set-5.png>
Package pdftex.def Info: Figs/TS-plots/EXP-hierarchy/set-5.png  used on input l
ine 1017.
(pdftex.def)             Requested size: 301.12425pt x 227.72522pt.
 [41 <./Figs/TS-plots/EXP-hierarchy/set-3.png> <./Figs/TS-plots/EXP-hierarchy/s
et-4.png>]
<Figs/TS-plots/EXP-hierarchy/set-6.png, id=202, 481.8pt x 364.36125pt>
File: Figs/TS-plots/EXP-hierarchy/set-6.png Graphic file (type png)
<use Figs/TS-plots/EXP-hierarchy/set-6.png>
Package pdftex.def Info: Figs/TS-plots/EXP-hierarchy/set-6.png  used on input l
ine 1024.
(pdftex.def)             Requested size: 313.16628pt x 236.832pt.
<Figs/TS-plots/EXP-hierarchy/set-7.png, id=203, 602.25pt x 455.45157pt>
File: Figs/TS-plots/EXP-hierarchy/set-7.png Graphic file (type png)
<use Figs/TS-plots/EXP-hierarchy/set-7.png>
Package pdftex.def Info: Figs/TS-plots/EXP-hierarchy/set-7.png  used on input l
ine 1031.
(pdftex.def)             Requested size: 301.12425pt x 227.72522pt.
 [42 <./Figs/TS-plots/EXP-hierarchy/set-5.png> <./Figs/TS-plots/EXP-hierarchy/s
et-6.png>]
<Figs/TS-plots/EXP-hierarchy/set-8.png, id=209, 481.8pt x 364.36125pt>
File: Figs/TS-plots/EXP-hierarchy/set-8.png Graphic file (type png)
<use Figs/TS-plots/EXP-hierarchy/set-8.png>
Package pdftex.def Info: Figs/TS-plots/EXP-hierarchy/set-8.png  used on input l
ine 1038.
(pdftex.def)             Requested size: 313.16628pt x 236.832pt.
<Figs/TS-plots/EXP-hierarchy/set-9.png, id=210, 602.25pt x 455.45157pt>
File: Figs/TS-plots/EXP-hierarchy/set-9.png Graphic file (type png)
<use Figs/TS-plots/EXP-hierarchy/set-9.png>
Package pdftex.def Info: Figs/TS-plots/EXP-hierarchy/set-9.png  used on input l
ine 1045.
(pdftex.def)             Requested size: 301.12425pt x 227.72522pt.

[43 <./Figs/TS-plots/EXP-hierarchy/set-7.png> <./Figs/TS-plots/EXP-hierarchy/se
t-8.png>]
<Figs/TS-plots/EXP-hierarchy/set-10.png, id=217, 602.25pt x 455.45157pt>
File: Figs/TS-plots/EXP-hierarchy/set-10.png Graphic file (type png)
<use Figs/TS-plots/EXP-hierarchy/set-10.png>
Package pdftex.def Info: Figs/TS-plots/EXP-hierarchy/set-10.png  used on input 
line 1052.
(pdftex.def)             Requested size: 301.12425pt x 227.72522pt.
<Figs/TS-plots/EXP-hierarchy/set-11.png, id=218, 602.25pt x 455.45157pt>
File: Figs/TS-plots/EXP-hierarchy/set-11.png Graphic file (type png)
<use Figs/TS-plots/EXP-hierarchy/set-11.png>
Package pdftex.def Info: Figs/TS-plots/EXP-hierarchy/set-11.png  used on input 
line 1059.
(pdftex.def)             Requested size: 301.12425pt x 227.72522pt.
 [44 <./Figs/TS-plots/EXP-hierarchy/set-9.png> <./Figs/TS-plots/EXP-hierarchy/s
et-10.png>]
<Figs/TS-plots/EXP-hierarchy/set-12.png, id=224, 602.25pt x 455.45157pt>
File: Figs/TS-plots/EXP-hierarchy/set-12.png Graphic file (type png)
<use Figs/TS-plots/EXP-hierarchy/set-12.png>
Package pdftex.def Info: Figs/TS-plots/EXP-hierarchy/set-12.png  used on input 
line 1066.
(pdftex.def)             Requested size: 301.12425pt x 227.72522pt.
<Figs/TS-plots/EXP-hierarchy/set-13.png, id=225, 602.25pt x 455.45157pt>
File: Figs/TS-plots/EXP-hierarchy/set-13.png Graphic file (type png)
<use Figs/TS-plots/EXP-hierarchy/set-13.png>
Package pdftex.def Info: Figs/TS-plots/EXP-hierarchy/set-13.png  used on input 
line 1073.
(pdftex.def)             Requested size: 301.12425pt x 227.72522pt.
 [45 <./Figs/TS-plots/EXP-hierarchy/set-11.png> <./Figs/TS-plots/EXP-hierarchy/
set-12.png>]
<Figs/TS-plots/EXP-hierarchy/set-14.png, id=231, 602.25pt x 455.45157pt>
File: Figs/TS-plots/EXP-hierarchy/set-14.png Graphic file (type png)
<use Figs/TS-plots/EXP-hierarchy/set-14.png>
Package pdftex.def Info: Figs/TS-plots/EXP-hierarchy/set-14.png  used on input 
line 1080.
(pdftex.def)             Requested size: 301.12425pt x 227.72522pt.
<Figs/TS-plots/EXP-hierarchy/set-15.png, id=232, 602.25pt x 455.45157pt>
File: Figs/TS-plots/EXP-hierarchy/set-15.png Graphic file (type png)
<use Figs/TS-plots/EXP-hierarchy/set-15.png>
Package pdftex.def Info: Figs/TS-plots/EXP-hierarchy/set-15.png  used on input 
line 1087.
(pdftex.def)             Requested size: 301.12425pt x 227.72522pt.
 [46 <./Figs/TS-plots/EXP-hierarchy/set-13.png> <./Figs/TS-plots/EXP-hierarchy/
set-14.png>] [47 <./Figs/TS-plots/EXP-hierarchy/set-15.png>] (./Hierarchical_fo
recasting.bbl
Overfull \hbox (48.59975pt too wide) in paragraph at lines 4--8
\OT1/ptm/b/n/10 URL: \OT1/ptm/m/it/10 http://www.abs.gov.au/AUSSTATS/abs@.nsf/D
etailsPage/5216.02015?OpenDocument 
 []


Underfull \hbox (badness 10000) in paragraph at lines 10--15
\OT1/ptm/b/n/10 URL: \OT1/ptm/m/it/10 http://www.abs.gov.au/AUSSTATS/abs@.nsf/D
etailsPage/5206.0Sep
 []


Underfull \hbox (badness 10000) in paragraph at lines 56--61
\OT1/ptm/b/n/10 URL: \OT1/ptm/m/it/10 https://www.degruyter.com/view/j/sagmb.20
05.4.issue-
 []

)

Package natbib Warning: There were undefined citations.

[48] (./Hierarchical_forecasting.aux)

LaTeX Font Warning: Size substitutions with differences
(Font)              up to 0.5pt have occurred.


LaTeX Warning: There were undefined references.


LaTeX Warning: There were multiply-defined labels.

 ) 
Here is how much of TeX's memory you used:
 28501 strings out of 492982
 596365 string characters out of 6134895
 641596 words of memory out of 5000000
 31517 multiletter control sequences out of 15000+600000
 582135 words of font info for 145 fonts, out of 8000000 for 9000
 1141 hyphenation exceptions out of 8191
 55i,17n,73p,10404b,1107s stack positions out of 5000i,500n,10000p,200000b,80000s
{/usr/share/texlive/texmf-dist/fonts/enc/dvips/base/8r.enc}</usr/share/texliv
e/texmf-dist/fonts/type1/public/amsfonts/cm/cmex10.pfb></usr/share/texlive/texm
f-dist/fonts/type1/public/amsfonts/cm/cmmi10.pfb></usr/share/texlive/texmf-dist
/fonts/type1/public/amsfonts/cm/cmr10.pfb></usr/share/texlive/texmf-dist/fonts/
type1/public/amsfonts/cm/cmsy10.pfb></usr/share/texlive/texmf-dist/fonts/type1/
public/amsfonts/euler/eufm10.pfb></usr/share/texlive/texmf-dist/fonts/type1/pub
lic/rsfs/rsfs10.pfb></usr/share/texlive/texmf-dist/fonts/type1/urw/symbol/usyr.
pfb></usr/share/texlive/texmf-dist/fonts/type1/urw/symbol/usyr.pfb></usr/share/
texlive/texmf-dist/fonts/type1/urw/times/utmb8a.pfb></usr/share/texlive/texmf-d
ist/fonts/type1/urw/times/utmbi8a.pfb></usr/share/texlive/texmf-dist/fonts/type
1/urw/times/utmr8a.pfb></usr/share/texlive/texmf-dist/fonts/type1/urw/times/utm
ri8a.pfb></usr/share/texlive/texmf-dist/fonts/type1/public/boondox/zxxrl8a.pfb>

Output written on Hierarchical_forecasting.pdf (48 pages, 655881 bytes).
PDF statistics:
 291 PDF objects out of 1000 (max. 8388607)
 152 compressed objects within 2 object streams
 0 named destinations out of 1000 (max. 500000)
 198 words of extra memory for PDF output out of 10000 (max. 10000000)

